Error occurred at: 2026-02-03 16:24:02.490971
================================================================================

Exception Type: RuntimeError
Exception Message: [enforce fail at inline_container.cc:668] . unexpected pos 462223488 vs 462223376

Full Traceback:
================================================================================
Traceback (most recent call last):
  File "/venv/main/lib/python3.12/site-packages/torch/serialization.py", line 977, in save
    _save(
  File "/venv/main/lib/python3.12/site-packages/torch/serialization.py", line 1286, in _save
    zip_file.write_record(name, storage, num_bytes)
RuntimeError: basic_ios::clear: iostream error

During handling of the above exception, another exception occurred:

Traceback (most recent call last):
  File "/workspace/Collateral-Coronary-Vessels-XAI/engine/dino_trained.py", line 619, in <module>
    train()
  File "/workspace/Collateral-Coronary-Vessels-XAI/engine/dino_trained.py", line 588, in train
    torch.save({
  File "/venv/main/lib/python3.12/site-packages/torch/serialization.py", line 976, in save
    with _open_zipfile_writer(f) as opened_zipfile:
         ^^^^^^^^^^^^^^^^^^^^^^^
  File "/venv/main/lib/python3.12/site-packages/torch/serialization.py", line 808, in __exit__
    self.file_like.write_end_of_file()
RuntimeError: [enforce fail at inline_container.cc:668] . unexpected pos 462223488 vs 462223376
